Start testing: Apr 06 18:44 IST
----------------------------------------------------------
Unable to find executable: valgrind
1/15 Testing: valgrind_exp10_a
1/15 Test: valgrind_exp10_a
Command: "" "--leak-check=full" "--error-exitcode=1" "/Users/ajasdaison/projects/OS-LAB/build/exp10_a"
Directory: /Users/ajasdaison/projects/OS-LAB/build
"valgrind_exp10_a" start time: 
Output:
----------------------------------------------------------
<end of output>
Test time =   0.00 sec
----------------------------------------------------------
Test Passed.
"valgrind_exp10_a" end time: Apr 06 18:44 IST
"valgrind_exp10_a" time elapsed: 00:00:00
----------------------------------------------------------

Unable to find executable: valgrind
2/15 Testing: valgrind_exp10_b
2/15 Test: valgrind_exp10_b
Command: "" "--leak-check=full" "--error-exitcode=1" "/Users/ajasdaison/projects/OS-LAB/build/exp10_b"
Directory: /Users/ajasdaison/projects/OS-LAB/build
"valgrind_exp10_b" start time: 
Output:
----------------------------------------------------------
<end of output>
Test time =   0.00 sec
----------------------------------------------------------
Test Passed.
"valgrind_exp10_b" end time: Apr 06 18:44 IST
"valgrind_exp10_b" time elapsed: 00:00:00
----------------------------------------------------------

Unable to find executable: valgrind
3/15 Testing: valgrind_exp3_a
3/15 Test: valgrind_exp3_a
Command: "" "--leak-check=full" "--error-exitcode=1" "/Users/ajasdaison/projects/OS-LAB/build/exp3_a"
Directory: /Users/ajasdaison/projects/OS-LAB/build
"valgrind_exp3_a" start time: 
Output:
----------------------------------------------------------
<end of output>
Test time =   0.00 sec
----------------------------------------------------------
Test Passed.
"valgrind_exp3_a" end time: Apr 06 18:44 IST
"valgrind_exp3_a" time elapsed: 00:00:00
----------------------------------------------------------

Unable to find executable: valgrind
4/15 Testing: valgrind_exp3_b
4/15 Test: valgrind_exp3_b
Command: "" "--leak-check=full" "--error-exitcode=1" "/Users/ajasdaison/projects/OS-LAB/build/exp3_b"
Directory: /Users/ajasdaison/projects/OS-LAB/build
"valgrind_exp3_b" start time: 
Output:
----------------------------------------------------------
<end of output>
Test time =   0.00 sec
----------------------------------------------------------
Test Passed.
"valgrind_exp3_b" end time: Apr 06 18:44 IST
"valgrind_exp3_b" time elapsed: 00:00:00
----------------------------------------------------------

Unable to find executable: valgrind
5/15 Testing: valgrind_exp3_c
5/15 Test: valgrind_exp3_c
Command: "" "--leak-check=full" "--error-exitcode=1" "/Users/ajasdaison/projects/OS-LAB/build/exp3_c"
Directory: /Users/ajasdaison/projects/OS-LAB/build
"valgrind_exp3_c" start time: 
Output:
----------------------------------------------------------
<end of output>
Test time =   0.00 sec
----------------------------------------------------------
Test Passed.
"valgrind_exp3_c" end time: Apr 06 18:44 IST
"valgrind_exp3_c" time elapsed: 00:00:00
----------------------------------------------------------

Unable to find executable: valgrind
6/15 Testing: valgrind_exp4_shr_reader
6/15 Test: valgrind_exp4_shr_reader
Command: "" "--leak-check=full" "--error-exitcode=1" "/Users/ajasdaison/projects/OS-LAB/build/exp4_shr_reader"
Directory: /Users/ajasdaison/projects/OS-LAB/build
"valgrind_exp4_shr_reader" start time: 
Output:
----------------------------------------------------------
<end of output>
Test time =   0.00 sec
----------------------------------------------------------
Test Passed.
"valgrind_exp4_shr_reader" end time: Apr 06 18:44 IST
"valgrind_exp4_shr_reader" time elapsed: 00:00:00
----------------------------------------------------------

Unable to find executable: valgrind
7/15 Testing: valgrind_exp4_shr_writer
7/15 Test: valgrind_exp4_shr_writer
Command: "" "--leak-check=full" "--error-exitcode=1" "/Users/ajasdaison/projects/OS-LAB/build/exp4_shr_writer"
Directory: /Users/ajasdaison/projects/OS-LAB/build
"valgrind_exp4_shr_writer" start time: 
Output:
----------------------------------------------------------
<end of output>
Test time =   0.00 sec
----------------------------------------------------------
Test Passed.
"valgrind_exp4_shr_writer" end time: Apr 06 18:44 IST
"valgrind_exp4_shr_writer" time elapsed: 00:00:00
----------------------------------------------------------

Unable to find executable: valgrind
8/15 Testing: valgrind_exp5
8/15 Test: valgrind_exp5
Command: "" "--leak-check=full" "--error-exitcode=1" "/Users/ajasdaison/projects/OS-LAB/build/exp5"
Directory: /Users/ajasdaison/projects/OS-LAB/build
"valgrind_exp5" start time: 
Output:
----------------------------------------------------------
<end of output>
Test time =   0.00 sec
----------------------------------------------------------
Test Passed.
"valgrind_exp5" end time: Apr 06 18:44 IST
"valgrind_exp5" time elapsed: 00:00:00
----------------------------------------------------------

Unable to find executable: valgrind
9/15 Testing: valgrind_exp6_a
9/15 Test: valgrind_exp6_a
Command: "" "--leak-check=full" "--error-exitcode=1" "/Users/ajasdaison/projects/OS-LAB/build/exp6_a"
Directory: /Users/ajasdaison/projects/OS-LAB/build
"valgrind_exp6_a" start time: 
Output:
----------------------------------------------------------
<end of output>
Test time =   0.00 sec
----------------------------------------------------------
Test Passed.
"valgrind_exp6_a" end time: Apr 06 18:44 IST
"valgrind_exp6_a" time elapsed: 00:00:00
----------------------------------------------------------

Unable to find executable: valgrind
10/15 Testing: valgrind_exp6_b
10/15 Test: valgrind_exp6_b
Command: "" "--leak-check=full" "--error-exitcode=1" "/Users/ajasdaison/projects/OS-LAB/build/exp6_b"
Directory: /Users/ajasdaison/projects/OS-LAB/build
"valgrind_exp6_b" start time: 
Output:
----------------------------------------------------------
<end of output>
Test time =   0.00 sec
----------------------------------------------------------
Test Passed.
"valgrind_exp6_b" end time: Apr 06 18:44 IST
"valgrind_exp6_b" time elapsed: 00:00:00
----------------------------------------------------------

Unable to find executable: valgrind
11/15 Testing: valgrind_exp6_c
11/15 Test: valgrind_exp6_c
Command: "" "--leak-check=full" "--error-exitcode=1" "/Users/ajasdaison/projects/OS-LAB/build/exp6_c"
Directory: /Users/ajasdaison/projects/OS-LAB/build
"valgrind_exp6_c" start time: 
Output:
----------------------------------------------------------
<end of output>
Test time =   0.00 sec
----------------------------------------------------------
Test Passed.
"valgrind_exp6_c" end time: Apr 06 18:44 IST
"valgrind_exp6_c" time elapsed: 00:00:00
----------------------------------------------------------

Unable to find executable: valgrind
12/15 Testing: valgrind_exp6_d
12/15 Test: valgrind_exp6_d
Command: "" "--leak-check=full" "--error-exitcode=1" "/Users/ajasdaison/projects/OS-LAB/build/exp6_d"
Directory: /Users/ajasdaison/projects/OS-LAB/build
"valgrind_exp6_d" start time: 
Output:
----------------------------------------------------------
<end of output>
Test time =   0.00 sec
----------------------------------------------------------
Test Passed.
"valgrind_exp6_d" end time: Apr 06 18:44 IST
"valgrind_exp6_d" time elapsed: 00:00:00
----------------------------------------------------------

Unable to find executable: valgrind
13/15 Testing: valgrind_exp7_a
13/15 Test: valgrind_exp7_a
Command: "" "--leak-check=full" "--error-exitcode=1" "/Users/ajasdaison/projects/OS-LAB/build/exp7_a"
Directory: /Users/ajasdaison/projects/OS-LAB/build
"valgrind_exp7_a" start time: 
Output:
----------------------------------------------------------
<end of output>
Test time =   0.00 sec
----------------------------------------------------------
Test Passed.
"valgrind_exp7_a" end time: Apr 06 18:44 IST
"valgrind_exp7_a" time elapsed: 00:00:00
----------------------------------------------------------

Unable to find executable: valgrind
14/15 Testing: valgrind_exp7_b
14/15 Test: valgrind_exp7_b
Command: "" "--leak-check=full" "--error-exitcode=1" "/Users/ajasdaison/projects/OS-LAB/build/exp7_b"
Directory: /Users/ajasdaison/projects/OS-LAB/build
"valgrind_exp7_b" start time: 
Output:
----------------------------------------------------------
<end of output>
Test time =   0.00 sec
----------------------------------------------------------
Test Passed.
"valgrind_exp7_b" end time: Apr 06 18:44 IST
"valgrind_exp7_b" time elapsed: 00:00:00
----------------------------------------------------------

Unable to find executable: valgrind
15/15 Testing: valgrind_exp7_c
15/15 Test: valgrind_exp7_c
Command: "" "--leak-check=full" "--error-exitcode=1" "/Users/ajasdaison/projects/OS-LAB/build/exp7_c"
Directory: /Users/ajasdaison/projects/OS-LAB/build
"valgrind_exp7_c" start time: 
Output:
----------------------------------------------------------
<end of output>
Test time =   0.00 sec
----------------------------------------------------------
Test Passed.
"valgrind_exp7_c" end time: Apr 06 18:44 IST
"valgrind_exp7_c" time elapsed: 00:00:00
----------------------------------------------------------

End testing: Apr 06 18:44 IST
